0 info it worked if it ends with ok
1 verbose cli [ 'node', '/usr/local/bin/npm', 'publish' ]
2 info using npm@1.4.28
3 info using node@v0.10.33
4 verbose publish [ '.' ]
5 verbose cache add [ '.', null ]
6 verbose cache add name=undefined spec="." args=[".",null]
7 verbose parsed url { protocol: null,
7 verbose parsed url   slashes: null,
7 verbose parsed url   auth: null,
7 verbose parsed url   host: null,
7 verbose parsed url   port: null,
7 verbose parsed url   hostname: null,
7 verbose parsed url   hash: null,
7 verbose parsed url   search: null,
7 verbose parsed url   query: null,
7 verbose parsed url   pathname: '.',
7 verbose parsed url   path: '.',
7 verbose parsed url   href: '.' }
8 silly lockFile 3a52ce78- .
9 verbose lock . /Users/z085331/.npm/3a52ce78-.lock
10 verbose tar pack [ '/Users/z085331/.npm/exprestify/0.3.0/package.tgz', '.' ]
11 verbose tarball /Users/z085331/.npm/exprestify/0.3.0/package.tgz
12 verbose folder .
13 info prepublish exprestify@0.3.0
14 silly lockFile 1f1177db-tar tar://.
15 verbose lock tar://. /Users/z085331/.npm/1f1177db-tar.lock
16 silly lockFile 14a672e1-npm-exprestify-0-3-0-package-tgz tar:///Users/z085331/.npm/exprestify/0.3.0/package.tgz
17 verbose lock tar:///Users/z085331/.npm/exprestify/0.3.0/package.tgz /Users/z085331/.npm/14a672e1-npm-exprestify-0-3-0-package-tgz.lock
18 silly lockFile 1f1177db-tar tar://.
19 silly lockFile 1f1177db-tar tar://.
20 silly lockFile 14a672e1-npm-exprestify-0-3-0-package-tgz tar:///Users/z085331/.npm/exprestify/0.3.0/package.tgz
21 silly lockFile 14a672e1-npm-exprestify-0-3-0-package-tgz tar:///Users/z085331/.npm/exprestify/0.3.0/package.tgz
22 silly lockFile 33323b00-331-npm-exprestify-0-3-0-package /Users/z085331/.npm/exprestify/0.3.0/package
23 verbose lock /Users/z085331/.npm/exprestify/0.3.0/package /Users/z085331/.npm/33323b00-331-npm-exprestify-0-3-0-package.lock
24 silly lockFile 33323b00-331-npm-exprestify-0-3-0-package /Users/z085331/.npm/exprestify/0.3.0/package
25 silly lockFile 33323b00-331-npm-exprestify-0-3-0-package /Users/z085331/.npm/exprestify/0.3.0/package
26 silly lockFile 3a52ce78- .
27 silly lockFile 3a52ce78- .
28 silly publish { name: 'exprestify',
28 silly publish   version: '0.3.0',
28 silly publish   description: 'REST API built using express framework,with support for socket io and adding custom headers at server side',
28 silly publish   main: 'index.js',
28 silly publish   scripts: { test: 'echo "Error: no test specified" && exit 1' },
28 silly publish   repository:
28 silly publish    { type: 'git',
28 silly publish      url: 'https://github.com/ajithnn/exprestify.git' },
28 silly publish   keywords: [ 'express', 'REST', 'JSON', 'Multipart form', 'GET POST' ],
28 silly publish   author: { name: 'Ajith N N', email: 'ajithnn20@gmail.com' },
28 silly publish   license: 'ISC',
28 silly publish   bugs: { url: 'https://github.com/ajithnn/exprestify/issues' },
28 silly publish   homepage: 'https://github.com/ajithnn/exprestify',
28 silly publish   dependencies:
28 silly publish    { 'body-parser': '^1.10.0',
28 silly publish      express: '^4.10.6',
28 silly publish      http: '0.0.0',
28 silly publish      multer: '^0.1.6',
28 silly publish      pem: '^1.4.4' },
28 silly publish   readme: '# Exprestify\n\n  REST API Module built on top of Express. This project was created as creating REST CRUD calls on express required \n  multiple dependencies. This is an effort to combine all those dependencies to provide a simpler interface.\n  \n## Features\n\n  - POST interface which can handle JSON/form-encoded data in a single interface.\n  - Multipart Post interface which can handle both files and fields, built on multer.\n  - GET and GETFILE interface to easily create GET calls.\n  - PUT and DELETE functions. \n\n## Installation\n\nTo install exprestify run:\n\n    $ npm install exprestify\n\nTo add to your project as a dependency:\n\n    $ npm install --save exprestify\n \n## Usage\n\n```js\nvar rest = require(\'exprestify\')\nvar fs = require(\'fs\')\n\nvar creds = {\n    key: fs.readFileSync(\'./assets/key.pem\'),\n    cert: fs.readFileSync(\'./assets/key-cert.pem\')\n}\n\nvar header ={\n"Access-Control-Allow-Origin":"http://localhost:4000",\n"Access-Control-Allow-Methods":"GET,PUT,POST,DELETE",\n"Access-Control-Allow-Headers":"Content-Type"\n};\n\nrest.setHeaders(header);\n\nrest.get(\'/\', "This is returned")\nrest.get(\'/page1\', function (err, query, contentType) {\n    if (!err) {\n        console.log(contentType);\n        if (query.value == 1) {\n            return "This is still page1";\n        } else {\n            return "This is page1";\n        }\n    } else {\n        console.log(err);\n    }\n})\nrest.get(\'/page2\', "This is page2")\nrest.get(\'/page3\', "This is page3")\nrest.getfile(\'/index\', function (err, query) {\n    if (!err) {\n        if (query.value) {\n            return "./html/index1.html";\n        } else {\n            return "./html/index.html";\n\n        }\n    } else {\n        console.log(err);\n        return err;\n    }\n})\n\nopt = {\n    extended: false\n}\nvar options = {\n    contentType: "text",\n    config: opt\n}\n\nrest.post(\'/pagepost\', function (err, data) {\n    if (!err) {\n        return data;\n    } else {\n        console.log(err);\n    }\n}, options)\n\n\n\nvar multiopt = {\n    FilePath: "./assets/",\n    PostType: "file",\n    Rename: function () {\n        return "File1";\n    }\n}\n\nrest.multipost(\'/pagemulti\', function (err, data) {\n    if (!err) {\n        console.log(data);\n    } else {\n        console.log(err);\n    }\n}, multiopt)\n\n\nvar multiopt1 = {\n    FilePath: "./html/",\n    PostType: "file",\n    Rename: function (fieldname, filename) {\n        return fieldname;\n    }\n}\n\nrest.multipost(\'/pagemulti1\', function (err, data) {\n    if (!err) {\n        console.log(data);\n    } else {\n        console.log(err);\n    }\n}, multiopt1)\n\n\nrest.put(\'/api/put/:id\', function (err, data) {\n    if (!err) {\n        console.log(data);\n        return "Updated id " + data.id\n    } else {\n        console.log(err);\n    }\n})\n\nrest.delete(\'/api/delete/:id\', function (err, data) {\n    if (!err) {\n        console.log(data);\n        return "Deleted id " + data.id\n    } else {\n        console.log(err);\n    }\n})\n\n\n\nrest.listens(3443, creds, function () {\n    console.log("Listening on port 0.0.0.0:%s", rest.ports)\n})\n\nrest.listen(3000, function () {\n    console.log("Listening on port 0.0.0.0:%s", rest.port)\n})\n```\n## TODO\n\n - Mocha Tests.\n - Add more Multer options to Multipart Post handler.\n\n## License\n\n(The MIT License)\n\nPermission is hereby granted, free of charge, to any person obtaining\na copy of this software and associated documentation files (the\n\'Software\'), to deal in the Software without restriction, including\nwithout limitation the rights to use, copy, modify, merge, publish,\ndistribute, sublicense, and/or sell copies of the Software, and to\npermit persons to whom the Software is furnished to do so, subject to\nthe following conditions:\n\nThe above copyright notice and this permission notice shall be\nincluded in all copies or substantial portions of the Software.\n\nTHE SOFTWARE IS PROVIDED \'AS IS\', WITHOUT WARRANTY OF ANY KIND,\nEXPRESS OR IMPLIED, INCLUDING BUT NOT LIMITED TO THE WARRANTIES OF\nMERCHANTABILITY, FITNESS FOR A PARTICULAR PURPOSE AND NONINFRINGEMENT.\nIN NO EVENT SHALL THE AUTHORS OR COPYRIGHT HOLDERS BE LIABLE FOR ANY\nCLAIM, DAMAGES OR OTHER LIABILITY, WHETHER IN AN ACTION OF CONTRACT,\nTORT OR OTHERWISE, ARISING FROM, OUT OF OR IN CONNECTION WITH THE\nSOFTWARE OR THE USE OR OTHER DEALINGS IN THE SOFTWARE.\n',
28 silly publish   readmeFilename: 'README.md',
28 silly publish   gitHead: '0eff9dda1e88b0b7a85e718c6a648a8e65c64501',
28 silly publish   _id: 'exprestify@0.3.0',
28 silly publish   _shasum: 'e96bb8dfaceac0c5ae5d50ae6c607acda15aa40b',
28 silly publish   _from: '.' }
29 error need auth auth and email required for publishing
29 error need auth You need to authorize this machine using `npm adduser`
30 error System Darwin 13.4.0
31 error command "node" "/usr/local/bin/npm" "publish"
32 error cwd /Users/z085331/exprestify/exprestify
33 error node -v v0.10.33
34 error npm -v 1.4.28
35 error code ENEEDAUTH
36 verbose exit [ 1, true ]
